Active-HDL 10.3.3559.6081  2017-09-26 13:18:34

Elaboration top modules:
Architecture                  \2c\(\2c\)


-------------------------------------------------------------------------------------------
Entity   | Architecture | Library | Info | Compiler Version          | Compilation Options
-------------------------------------------------------------------------------------------
\2c\     | \2c\         | lab1    |      | 10.3.3559.6081  (Windows) | -O3
-------------------------------------------------------------------------------------------

-------------------------------------------------------------------------------------------
VHDL Package            | Library | Info | Compiler Version          | Compilation Options
-------------------------------------------------------------------------------------------
standard                | std     |      |                           | <unavailable>
TEXTIO                  | std     |      | 10.3.3559.6081  (Windows) |  -2008
std_logic_1164          | ieee    |      | 10.3.3559.6081  (Windows) |  -2008
-------------------------------------------------------------------------------------------

-------------------------------------------------------------------------------------------
Library                 | Comment
-------------------------------------------------------------------------------------------
ieee                    | Standard IEEE packages library
lab1                    | None
std                     | Standard VHDL library
-------------------------------------------------------------------------------------------
